wurf: Resolve execute load
----------------------------------------
Load "gauge"
resolve_symlinks/gauge => /home/tools/Documents/project/sw9-source/resolved_dependencies/gauge-1a4df2/11.1.0-95e2f4
----------------------------------------
Load "waf-tools"
resolve_symlinks/waf-tools => /home/tools/Documents/project/sw9-source/resolved_dependencies/waf-tools-ae40a5/4.3.0-23d300
----------------------------------------
Load "boost"
resolve_symlinks/boost => /home/tools/Documents/project/sw9-source/resolved_dependencies/boost-6990ca/3.0.0-564261
----------------------------------------
Load "tables"
resolve_symlinks/tables => /home/tools/Documents/project/sw9-source/resolved_dependencies/tables-eaf062/7.0.0-769e7b
----------------------------------------
Load "kodo-rlnc"
resolve_symlinks/kodo-rlnc => /home/tools/Documents/project/sw9-source/resolved_dependencies/kodo-rlnc-acd412/7.0.0-f2556f
----------------------------------------
Load "kodo-core"
resolve_symlinks/kodo-core => /home/tools/Documents/project/sw9-source/resolved_dependencies/kodo-core-f711a6/9.0.0-6f0e9b
----------------------------------------
Load "allocate"
resolve_symlinks/allocate => /home/tools/Documents/project/sw9-source/resolved_dependencies/allocate-ddb961/3.0.0-534dbf
----------------------------------------
Load "fifi"
resolve_symlinks/fifi => /home/tools/Documents/project/sw9-source/resolved_dependencies/fifi-f85dcd/27.0.0-027153
----------------------------------------
Load "cpuid"
resolve_symlinks/cpuid => /home/tools/Documents/project/sw9-source/resolved_dependencies/cpuid-a4173a/5.0.2-c74253
----------------------------------------
Load "platform"
resolve_symlinks/platform => /home/tools/Documents/project/sw9-source/resolved_dependencies/platform-e774c1/3.0.1-46a037
----------------------------------------
Load "storage"
resolve_symlinks/storage => /home/tools/Documents/project/sw9-source/resolved_dependencies/storage-a97dfa/3.1.0-cb3c6e
----------------------------------------
Load "recycle"
resolve_symlinks/recycle => /home/tools/Documents/project/sw9-source/resolved_dependencies/recycle-fa0f6e/3.0.0-1ed6bc
----------------------------------------
Load "meta"
resolve_symlinks/meta => /home/tools/Documents/project/sw9-source/resolved_dependencies/meta-808a5b/3.0.0-61fb34
----------------------------------------
Load "hex"
resolve_symlinks/hex => /home/tools/Documents/project/sw9-source/resolved_dependencies/hex-4a4db2/4.1.1-69890f
----------------------------------------
Load "endian"
resolve_symlinks/endian => /home/tools/Documents/project/sw9-source/resolved_dependencies/endian-10cf49/4.2.0-4c18c1
wurf: dependency_cache OrderedDict([('gauge', {'path': '/home/tools/Documents/project/sw9-source/resolve_symlinks/gauge', 'recurse': True}), ('waf-tools', {'path': '/home/tools/Documents/project/sw9-source/resolve_symlinks/waf-tools', 'recurse': True}), ('boost', {'path': '/home/tools/Documents/project/sw9-source/resolve_symlinks/boost', 'recurse': True}), ('tables', {'path': '/home/tools/Documents/project/sw9-source/resolve_symlinks/tables', 'recurse': True}), ('kodo-rlnc', {'path': '/home/tools/Documents/project/sw9-source/resolve_symlinks/kodo-rlnc', 'recurse': True}), ('kodo-core', {'path': '/home/tools/Documents/project/sw9-source/resolve_symlinks/kodo-core', 'recurse': True}), ('allocate', {'path': '/home/tools/Documents/project/sw9-source/resolve_symlinks/allocate', 'recurse': True}), ('fifi', {'path': '/home/tools/Documents/project/sw9-source/resolve_symlinks/fifi', 'recurse': True}), ('cpuid', {'path': '/home/tools/Documents/project/sw9-source/resolve_symlinks/cpuid', 'recurse': True}), ('platform', {'path': '/home/tools/Documents/project/sw9-source/resolve_symlinks/platform', 'recurse': True}), ('storage', {'path': '/home/tools/Documents/project/sw9-source/resolve_symlinks/storage', 'recurse': True}), ('recycle', {'path': '/home/tools/Documents/project/sw9-source/resolve_symlinks/recycle', 'recurse': True}), ('meta', {'path': '/home/tools/Documents/project/sw9-source/resolve_symlinks/meta', 'recurse': True}), ('hex', {'path': '/home/tools/Documents/project/sw9-source/resolve_symlinks/hex', 'recurse': True}), ('endian', {'path': '/home/tools/Documents/project/sw9-source/resolve_symlinks/endian', 'recurse': True})])
