wurf: Resolve execute resolve
['git', 'config', '--get', 'remote.origin.url']
out: git@github.com:looopTools/sw9-source.git

----------------------------------------
Resolve "gauge" (git semver)
Tags downloaded. File size: 18387

Registered tags for gauge:
['1.0.0', '2.0.0', '3.0.0', '4.0.0', '5.0.0', '5.1.0', '5.2.0', '5.2.1', '5.3.0', '5.4.0', '5.5.0', '6.0.0', '6.1.0', '6.2.0', '6.3.0', '7.0.0', '7.1.0', '8.0.0', '9.0.0', '9.0.1', '9.1.0', '10.0.0', '11.0.0', '11.1.0']
['git', 'clone', 'git@github.com:steinwurf/gauge.git', 'master-1a4df2']
err: Cloning into 'master-1a4df2'...

['git', 'tag', '-l']
out: 1.0.0
10.0.0
11.0.0
11.1.0
2.0.0
3.0.0
4.0.0
5.0.0
5.1.0
5.2.0
5.2.1
5.3.0
5.4.0
5.5.0
6.0.0
6.1.0
6.2.0
6.3.0
7.0.0
7.1.0
8.0.0
9.0.0
9.0.1
9.1.0

wurf: GitSemverResolver name gauge -> /home/tools/Documents/project/sw9-source/resolved_dependencies/gauge-1a4df2/11.1.0-95e2f4
['git', 'checkout', '11.1.0']
err: Note: checking out '11.1.0'.

You are in 'detached HEAD' state. You can look around, make experimental
changes and commit them, and you can discard any commits you make in this
state without impacting any branches by performing another checkout.

If you want to create a new branch to retain commits you create, you may
do so (now or later) by using -b with the checkout command again. Example:

  git checkout -b <new-branch-name>

HEAD is now at 8e6d156... Preparing to create tag 11.1.0

['git', 'rev-parse', 'HEAD']
out: 8e6d15609e4030f810442872b86165c7d8528470

wurf: CreateSymlinkResolver /home/tools/Documents/project/sw9-source/resolve_symlinks/gauge -> /home/tools/Documents/project/sw9-source/resolved_dependencies/gauge-1a4df2/11.1.0-95e2f4
resolve_symlinks/gauge => /home/tools/Documents/project/sw9-source/resolved_dependencies/gauge-1a4df2/11.1.0-95e2f4
----------------------------------------
Resolve "waf-tools" (git semver)
Registered tags for waf-tools:
['1.0.0', '1.0.1', '1.0.2', '1.0.3', '1.0.4', '1.0.5', '1.0.6', '1.1.0', '1.2.0', '1.2.1', '1.3.0', '1.3.1', '1.4.0', '1.5.0', '1.5.1', '2.0.0', '2.1.0', '2.1.1', '2.2.0', '2.3.0', '2.4.0', '2.5.0', '2.6.0', '2.7.0', '2.8.0', '2.9.0', '3.0.0', '3.0.1', '3.0.2', '3.1.0', '3.1.1', '3.1.2', '3.1.3', '3.2.0', '3.3.0', '3.4.0', '3.4.1', '3.5.0', '3.5.1', '3.6.0', '3.6.1', '3.7.0', '3.8.0', '3.8.1', '3.9.0', '4.0.0', '4.0.1', '4.0.2', '4.0.3', '4.0.4', '4.1.0', '4.1.1', '4.2.0', '4.3.0', '2.10.0', '2.10.1', '2.11.0', '2.12.0', '2.13.0', '2.14.0', '2.15.0', '2.16.0', '2.16.1', '2.16.2', '2.17.0', '2.17.1', '2.18.0', '2.19.0', '2.19.1', '2.20.0', '2.21.0', '2.22.0', '2.23.0', '2.24.0', '2.25.0', '2.26.0', '2.27.0', '2.28.0', '2.29.0', '2.30.0', '2.31.0', '2.32.0', '2.32.1', '2.33.0', '2.33.1', '2.33.2', '2.34.0', '2.35.0', '2.36.0', '2.36.1', '2.37.0', '2.38.0', '2.39.0', '2.40.0', '2.40.1', '2.40.2', '2.41.0', '2.42.0', '2.43.0', '2.44.0', '2.45.0', '2.46.0', '2.47.0', '2.48.0', '2.49.0', '2.50.0', '2.51.0', '2.52.0', '2.53.0', '2.53.1', '2.54.0', '3.10.0', '3.10.1', '3.11.0', '3.12.0', '3.12.1', '3.13.0', '3.14.0', '3.14.1', '3.15.0', '3.16.0', '3.17.0', '3.17.1', '3.17.2', '3.18.0', '3.19.0', '3.19.1']
['git', 'clone', 'git@github.com:steinwurf/waf-tools.git', 'master-ae40a5']
err: Cloning into 'master-ae40a5'...

['git', 'tag', '-l']
out: 1.0.0
1.0.1
1.0.2
1.0.3
1.0.4
1.0.5
1.0.6
1.1.0
1.2.0
1.2.1
1.3.0
1.3.1
1.4.0
1.5.0
1.5.1
2.0.0
2.1.0
2.1.1
2.10.0
2.10.1
2.11.0
2.12.0
2.13.0
2.14.0
2.15.0
2.16.0
2.16.1
2.16.2
2.17.0
2.17.1
2.18.0
2.19.0
2.19.1
2.2.0
2.20.0
2.21.0
2.22.0
2.23.0
2.24.0
2.25.0
2.26.0
2.27.0
2.28.0
2.29.0
2.3.0
2.30.0
2.31.0
2.32.0
2.32.1
2.33.0
2.33.1
2.33.2
2.34.0
2.35.0
2.36.0
2.36.1
2.37.0
2.38.0
2.39.0
2.4.0
2.40.0
2.40.1
2.40.2
2.41.0
2.42.0
2.43.0
2.44.0
2.45.0
2.46.0
2.47.0
2.48.0
2.49.0
2.5.0
2.50.0
2.51.0
2.52.0
2.53.0
2.53.1
2.54.0
2.6.0
2.7.0
2.8.0
2.9.0
3.0.0
3.0.1
3.0.2
3.1.0
3.1.1
3.1.2
3.1.3
3.10.0
3.10.1
3.11.0
3.12.0
3.12.1
3.13.0
3.14.0
3.14.1
3.15.0
3.16.0
3.17.0
3.17.1
3.17.2
3.18.0
3.19.0
3.19.1
3.2.0
3.3.0
3.4.0
3.4.1
3.5.0
3.5.1
3.6.0
3.6.1
3.7.0
3.8.0
3.8.1
3.9.0
4.0.0
4.0.1
4.0.2
4.0.3
4.0.4
4.1.0
4.1.1
4.2.0
4.3.0

wurf: GitSemverResolver name waf-tools -> /home/tools/Documents/project/sw9-source/resolved_dependencies/waf-tools-ae40a5/4.3.0-23d300
['git', 'checkout', '4.3.0']
err: Note: checking out '4.3.0'.

You are in 'detached HEAD' state. You can look around, make experimental
changes and commit them, and you can discard any commits you make in this
state without impacting any branches by performing another checkout.

If you want to create a new branch to retain commits you create, you may
do so (now or later) by using -b with the checkout command again. Example:

  git checkout -b <new-branch-name>

HEAD is now at b41e4c5... Preparing to create tag 4.3.0

['git', 'rev-parse', 'HEAD']
out: b41e4c5d25f149f546ab862ec4ea39e86dd06f18

wurf: CreateSymlinkResolver /home/tools/Documents/project/sw9-source/resolve_symlinks/waf-tools -> /home/tools/Documents/project/sw9-source/resolved_dependencies/waf-tools-ae40a5/4.3.0-23d300
resolve_symlinks/waf-tools => /home/tools/Documents/project/sw9-source/resolved_dependencies/waf-tools-ae40a5/4.3.0-23d300
----------------------------------------
Resolve "boost" (git semver)
Registered tags for boost:
['1.0.0', '1.1.0', '1.2.0', '1.2.1', '1.2.2', '1.3.0', '1.3.1', '1.3.2', '1.4.0', '1.4.1', '1.5.0', '1.5.1', '1.6.0', '1.7.0', '1.8.0', '1.8.1', '1.9.0', '1.9.1', '2.0.0', '2.1.0', '2.2.0', '2.2.1', '2.3.0', '3.0.0', '1.10.0', '1.11.0']
['git', 'clone', 'git@github.com:steinwurf/boost.git', 'master-6990ca']
err: Cloning into 'master-6990ca'...

['git', 'tag', '-l']
out: 1.0.0
1.1.0
1.10.0
1.11.0
1.2.0
1.2.1
1.2.2
1.3.0
1.3.1
1.3.2
1.4.0
1.4.1
1.5.0
1.5.1
1.6.0
1.7.0
1.8.0
1.8.1
1.9.0
1.9.1
2.0.0
2.1.0
2.2.0
2.2.1
2.3.0
3.0.0

wurf: GitSemverResolver name boost -> /home/tools/Documents/project/sw9-source/resolved_dependencies/boost-6990ca/3.0.0-564261
['git', 'checkout', '3.0.0']
err: Note: checking out '3.0.0'.

You are in 'detached HEAD' state. You can look around, make experimental
changes and commit them, and you can discard any commits you make in this
state without impacting any branches by performing another checkout.

If you want to create a new branch to retain commits you create, you may
do so (now or later) by using -b with the checkout command again. Example:

  git checkout -b <new-branch-name>

HEAD is now at 2bd9031e... Preparing to create tag 3.0.0

['git', 'rev-parse', 'HEAD']
out: 2bd9031ee74c62290bc13febed648421c55201ae

wurf: CreateSymlinkResolver /home/tools/Documents/project/sw9-source/resolve_symlinks/boost -> /home/tools/Documents/project/sw9-source/resolved_dependencies/boost-6990ca/3.0.0-564261
resolve_symlinks/boost => /home/tools/Documents/project/sw9-source/resolved_dependencies/boost-6990ca/3.0.0-564261
----------------------------------------
Resolve "tables" (git semver)
Registered tags for tables:
['1.0.0', '2.0.0', '3.0.0', '3.0.1', '4.0.0', '4.1.0', '5.0.0', '5.1.0', '5.1.1', '5.1.2', '6.0.0', '7.0.0']
['git', 'clone', 'git@github.com:steinwurf/tables.git', 'master-eaf062']
err: Cloning into 'master-eaf062'...

['git', 'tag', '-l']
out: 1.0.0
2.0.0
3.0.0
3.0.1
4.0.0
4.1.0
5.0.0
5.1.0
5.1.1
5.1.2
6.0.0
7.0.0

wurf: GitSemverResolver name tables -> /home/tools/Documents/project/sw9-source/resolved_dependencies/tables-eaf062/7.0.0-769e7b
['git', 'checkout', '7.0.0']
err: Note: checking out '7.0.0'.

You are in 'detached HEAD' state. You can look around, make experimental
changes and commit them, and you can discard any commits you make in this
state without impacting any branches by performing another checkout.

If you want to create a new branch to retain commits you create, you may
do so (now or later) by using -b with the checkout command again. Example:

  git checkout -b <new-branch-name>

HEAD is now at 9581d06... Preparing to create tag 7.0.0

['git', 'rev-parse', 'HEAD']
out: 9581d0602ea06a19044e22057f765ccb9c17f68b

wurf: CreateSymlinkResolver /home/tools/Documents/project/sw9-source/resolve_symlinks/tables -> /home/tools/Documents/project/sw9-source/resolved_dependencies/tables-eaf062/7.0.0-769e7b
resolve_symlinks/tables => /home/tools/Documents/project/sw9-source/resolved_dependencies/tables-eaf062/7.0.0-769e7b
----------------------------------------
Resolve "kodo-rlnc" (git semver)
Registered tags for kodo-rlnc:
['1.0.0', '2.0.0', '3.0.0', '4.0.0', '5.0.0', '6.0.0', '6.1.0', '7.0.0']
['git', 'clone', 'git@github.com:steinwurf/kodo-rlnc.git', 'master-acd412']
err: Cloning into 'master-acd412'...

['git', 'tag', '-l']
out: 1.0.0
2.0.0
3.0.0
4.0.0
5.0.0
6.0.0
6.1.0
7.0.0

wurf: GitSemverResolver name kodo-rlnc -> /home/tools/Documents/project/sw9-source/resolved_dependencies/kodo-rlnc-acd412/7.0.0-f2556f
['git', 'checkout', '7.0.0']
err: Note: checking out '7.0.0'.

You are in 'detached HEAD' state. You can look around, make experimental
changes and commit them, and you can discard any commits you make in this
state without impacting any branches by performing another checkout.

If you want to create a new branch to retain commits you create, you may
do so (now or later) by using -b with the checkout command again. Example:

  git checkout -b <new-branch-name>

HEAD is now at 3a52461... Preparing to create tag 7.0.0

['git', 'rev-parse', 'HEAD']
out: 3a5246120f4b7724278db55d31932717b5571e30

wurf: CreateSymlinkResolver /home/tools/Documents/project/sw9-source/resolve_symlinks/kodo-rlnc -> /home/tools/Documents/project/sw9-source/resolved_dependencies/kodo-rlnc-acd412/7.0.0-f2556f
resolve_symlinks/kodo-rlnc => /home/tools/Documents/project/sw9-source/resolved_dependencies/kodo-rlnc-acd412/7.0.0-f2556f
----------------------------------------
Resolve "kodo-core" (git semver)
Registered tags for kodo-core:
['1.0.0', '2.0.0', '2.1.0', '2.1.1', '3.0.0', '4.0.0', '4.0.1', '5.0.0', '5.0.1', '6.0.0', '6.0.1', '6.1.0', '7.0.0', '7.1.0', '8.0.0', '8.1.0', '8.2.0', '9.0.0', '10.0.0']
['git', 'clone', 'git@github.com:steinwurf/kodo-core.git', 'master-f711a6']
err: Cloning into 'master-f711a6'...

['git', 'tag', '-l']
out: 1.0.0
10.0.0
2.0.0
2.1.0
2.1.1
3.0.0
4.0.0
4.0.1
5.0.0
5.0.1
6.0.0
6.0.1
6.1.0
7.0.0
7.1.0
8.0.0
8.1.0
8.2.0
9.0.0

wurf: GitSemverResolver name kodo-core -> /home/tools/Documents/project/sw9-source/resolved_dependencies/kodo-core-f711a6/9.0.0-6f0e9b
['git', 'checkout', '9.0.0']
err: Note: checking out '9.0.0'.

You are in 'detached HEAD' state. You can look around, make experimental
changes and commit them, and you can discard any commits you make in this
state without impacting any branches by performing another checkout.

If you want to create a new branch to retain commits you create, you may
do so (now or later) by using -b with the checkout command again. Example:

  git checkout -b <new-branch-name>

HEAD is now at 7039082... Preparing to create tag 9.0.0

['git', 'rev-parse', 'HEAD']
out: 7039082275756be5a2f38092e8106fd7c47fb593

wurf: CreateSymlinkResolver /home/tools/Documents/project/sw9-source/resolve_symlinks/kodo-core -> /home/tools/Documents/project/sw9-source/resolved_dependencies/kodo-core-f711a6/9.0.0-6f0e9b
resolve_symlinks/kodo-core => /home/tools/Documents/project/sw9-source/resolved_dependencies/kodo-core-f711a6/9.0.0-6f0e9b
----------------------------------------
Resolve "allocate" (git semver)
Registered tags for allocate:
['1.0.0', '2.0.0', '3.0.0']
['git', 'clone', 'git@github.com:steinwurf/allocate.git', 'master-ddb961']
err: Cloning into 'master-ddb961'...

['git', 'tag', '-l']
out: 1.0.0
2.0.0
3.0.0

wurf: GitSemverResolver name allocate -> /home/tools/Documents/project/sw9-source/resolved_dependencies/allocate-ddb961/3.0.0-534dbf
['git', 'checkout', '3.0.0']
err: Note: checking out '3.0.0'.

You are in 'detached HEAD' state. You can look around, make experimental
changes and commit them, and you can discard any commits you make in this
state without impacting any branches by performing another checkout.

If you want to create a new branch to retain commits you create, you may
do so (now or later) by using -b with the checkout command again. Example:

  git checkout -b <new-branch-name>

HEAD is now at 83f9447... Preparing to create tag 3.0.0

['git', 'rev-parse', 'HEAD']
out: 83f94476066cc757a5d6da282d5561effd6e2262

wurf: CreateSymlinkResolver /home/tools/Documents/project/sw9-source/resolve_symlinks/allocate -> /home/tools/Documents/project/sw9-source/resolved_dependencies/allocate-ddb961/3.0.0-534dbf
resolve_symlinks/allocate => /home/tools/Documents/project/sw9-source/resolved_dependencies/allocate-ddb961/3.0.0-534dbf
----------------------------------------
Resolve "fifi" (git semver)
Registered tags for fifi:
['0.9.0', '1.0.0', '1.0.1', '1.0.2', '2.0.0', '3.0.0', '4.0.0', '4.0.1', '5.0.0', '6.0.0', '7.0.0', '8.0.0', '9.0.0', '9.1.0', '10.0.0', '11.0.0', '12.0.0', '13.0.0', '14.0.0', '14.1.0', '15.0.0', '16.0.0', '17.0.0', '17.1.0', '18.0.0', '18.1.0', '19.0.0', '20.0.0', '20.1.0', '21.0.0', '22.0.0', '23.0.0', '24.0.0', '25.0.0', '25.0.1', '26.0.0', '26.0.1', '27.0.0']
['git', 'clone', 'git@github.com:steinwurf/fifi.git', 'master-f85dcd']
err: Cloning into 'master-f85dcd'...

['git', 'tag', '-l']
out: 0.9.0
1.0.0
1.0.1
1.0.2
10.0.0
11.0.0
12.0.0
13.0.0
14.0.0
14.1.0
15.0.0
16.0.0
17.0.0
17.1.0
18.0.0
18.1.0
19.0.0
2.0.0
20.0.0
20.1.0
21.0.0
22.0.0
23.0.0
24.0.0
25.0.0
25.0.1
26.0.0
26.0.1
27.0.0
3.0.0
4.0.0
4.0.1
5.0.0
6.0.0
7.0.0
8.0.0
9.0.0
9.1.0

wurf: GitSemverResolver name fifi -> /home/tools/Documents/project/sw9-source/resolved_dependencies/fifi-f85dcd/27.0.0-027153
['git', 'checkout', '27.0.0']
err: Note: checking out '27.0.0'.

You are in 'detached HEAD' state. You can look around, make experimental
changes and commit them, and you can discard any commits you make in this
state without impacting any branches by performing another checkout.

If you want to create a new branch to retain commits you create, you may
do so (now or later) by using -b with the checkout command again. Example:

  git checkout -b <new-branch-name>

HEAD is now at 7471563... Preparing to create tag 27.0.0

['git', 'rev-parse', 'HEAD']
out: 74715637ecd08ab7cfb636eb7fba599a43ab0480

wurf: CreateSymlinkResolver /home/tools/Documents/project/sw9-source/resolve_symlinks/fifi -> /home/tools/Documents/project/sw9-source/resolved_dependencies/fifi-f85dcd/27.0.0-027153
resolve_symlinks/fifi => /home/tools/Documents/project/sw9-source/resolved_dependencies/fifi-f85dcd/27.0.0-027153
----------------------------------------
Resolve "cpuid" (git semver)
Registered tags for cpuid:
['1.0.0', '2.0.0', '3.0.0', '3.1.0', '3.2.0', '3.2.1', '3.3.0', '3.3.1', '4.0.0', '5.0.0', '5.0.1', '5.0.2']
['git', 'clone', 'git@github.com:steinwurf/cpuid.git', 'master-a4173a']
err: Cloning into 'master-a4173a'...

['git', 'tag', '-l']
out: 1.0.0
2.0.0
3.0.0
3.1.0
3.2.0
3.2.1
3.3.0
3.3.1
4.0.0
5.0.0
5.0.1
5.0.2

wurf: GitSemverResolver name cpuid -> /home/tools/Documents/project/sw9-source/resolved_dependencies/cpuid-a4173a/5.0.2-c74253
['git', 'checkout', '5.0.2']
err: Note: checking out '5.0.2'.

You are in 'detached HEAD' state. You can look around, make experimental
changes and commit them, and you can discard any commits you make in this
state without impacting any branches by performing another checkout.

If you want to create a new branch to retain commits you create, you may
do so (now or later) by using -b with the checkout command again. Example:

  git checkout -b <new-branch-name>

HEAD is now at 03feb15... Preparing to create tag 5.0.2

['git', 'rev-parse', 'HEAD']
out: 03feb15b29df4e2e672cdd7eebe4458a03b2aaa3

wurf: CreateSymlinkResolver /home/tools/Documents/project/sw9-source/resolve_symlinks/cpuid -> /home/tools/Documents/project/sw9-source/resolved_dependencies/cpuid-a4173a/5.0.2-c74253
resolve_symlinks/cpuid => /home/tools/Documents/project/sw9-source/resolved_dependencies/cpuid-a4173a/5.0.2-c74253
----------------------------------------
Resolve "platform" (git semver)
Registered tags for platform:
['1.0.0', '1.1.0', '1.2.0', '1.2.1', '1.2.2', '1.3.0', '2.0.0', '3.0.0', '3.0.1']
['git', 'clone', 'git@github.com:steinwurf/platform.git', 'master-e774c1']
err: Cloning into 'master-e774c1'...

['git', 'tag', '-l']
out: 1.0.0
1.1.0
1.2.0
1.2.1
1.2.2
1.3.0
2.0.0
3.0.0
3.0.1

wurf: GitSemverResolver name platform -> /home/tools/Documents/project/sw9-source/resolved_dependencies/platform-e774c1/3.0.1-46a037
['git', 'checkout', '3.0.1']
err: Note: checking out '3.0.1'.

You are in 'detached HEAD' state. You can look around, make experimental
changes and commit them, and you can discard any commits you make in this
state without impacting any branches by performing another checkout.

If you want to create a new branch to retain commits you create, you may
do so (now or later) by using -b with the checkout command again. Example:

  git checkout -b <new-branch-name>

HEAD is now at 5527224... Preparing to create tag 3.0.1

['git', 'rev-parse', 'HEAD']
out: 55272249458a1b3c6234e86a6a057fc8d0668d49

wurf: CreateSymlinkResolver /home/tools/Documents/project/sw9-source/resolve_symlinks/platform -> /home/tools/Documents/project/sw9-source/resolved_dependencies/platform-e774c1/3.0.1-46a037
resolve_symlinks/platform => /home/tools/Documents/project/sw9-source/resolved_dependencies/platform-e774c1/3.0.1-46a037
----------------------------------------
Resolve "storage" (git semver)
Registered tags for storage:
['1.0.0', '2.0.0', '2.1.0', '3.0.0', '3.1.0']
['git', 'clone', 'git@github.com:steinwurf/storage.git', 'master-a97dfa']
err: Cloning into 'master-a97dfa'...

['git', 'tag', '-l']
out: 1.0.0
2.0.0
2.1.0
3.0.0
3.1.0

wurf: GitSemverResolver name storage -> /home/tools/Documents/project/sw9-source/resolved_dependencies/storage-a97dfa/3.1.0-cb3c6e
['git', 'checkout', '3.1.0']
err: Note: checking out '3.1.0'.

You are in 'detached HEAD' state. You can look around, make experimental
changes and commit them, and you can discard any commits you make in this
state without impacting any branches by performing another checkout.

If you want to create a new branch to retain commits you create, you may
do so (now or later) by using -b with the checkout command again. Example:

  git checkout -b <new-branch-name>

HEAD is now at a37d11b... Preparing to create tag 3.1.0

['git', 'rev-parse', 'HEAD']
out: a37d11b9adb57efab38fe0ec400dfac7d774b1e7

wurf: CreateSymlinkResolver /home/tools/Documents/project/sw9-source/resolve_symlinks/storage -> /home/tools/Documents/project/sw9-source/resolved_dependencies/storage-a97dfa/3.1.0-cb3c6e
resolve_symlinks/storage => /home/tools/Documents/project/sw9-source/resolved_dependencies/storage-a97dfa/3.1.0-cb3c6e
----------------------------------------
Resolve "recycle" (git semver)
Registered tags for recycle:
['1.0.0', '1.0.1', '1.1.0', '1.1.1', '1.2.0', '2.0.0', '3.0.0']
['git', 'clone', 'git@github.com:steinwurf/recycle.git', 'master-fa0f6e']
err: Cloning into 'master-fa0f6e'...

['git', 'tag', '-l']
out: 1.0.0
1.0.1
1.1.0
1.1.1
1.2.0
2.0.0
3.0.0

wurf: GitSemverResolver name recycle -> /home/tools/Documents/project/sw9-source/resolved_dependencies/recycle-fa0f6e/3.0.0-1ed6bc
['git', 'checkout', '3.0.0']
err: Note: checking out '3.0.0'.

You are in 'detached HEAD' state. You can look around, make experimental
changes and commit them, and you can discard any commits you make in this
state without impacting any branches by performing another checkout.

If you want to create a new branch to retain commits you create, you may
do so (now or later) by using -b with the checkout command again. Example:

  git checkout -b <new-branch-name>

HEAD is now at 2e38730... Preparing to create tag 3.0.0

['git', 'rev-parse', 'HEAD']
out: 2e387309a7543b5165d69eb6c5cc9fc7d7f3ac7e

wurf: CreateSymlinkResolver /home/tools/Documents/project/sw9-source/resolve_symlinks/recycle -> /home/tools/Documents/project/sw9-source/resolved_dependencies/recycle-fa0f6e/3.0.0-1ed6bc
resolve_symlinks/recycle => /home/tools/Documents/project/sw9-source/resolved_dependencies/recycle-fa0f6e/3.0.0-1ed6bc
----------------------------------------
Resolve "meta" (git semver)
Registered tags for meta:
['1.0.0', '1.1.0', '2.0.0', '2.1.0', '3.0.0']
['git', 'clone', 'git@github.com:steinwurf/meta.git', 'master-808a5b']
err: Cloning into 'master-808a5b'...

['git', 'tag', '-l']
out: 1.0.0
1.1.0
2.0.0
2.1.0
3.0.0

wurf: GitSemverResolver name meta -> /home/tools/Documents/project/sw9-source/resolved_dependencies/meta-808a5b/3.0.0-61fb34
['git', 'checkout', '3.0.0']
err: Note: checking out '3.0.0'.

You are in 'detached HEAD' state. You can look around, make experimental
changes and commit them, and you can discard any commits you make in this
state without impacting any branches by performing another checkout.

If you want to create a new branch to retain commits you create, you may
do so (now or later) by using -b with the checkout command again. Example:

  git checkout -b <new-branch-name>

HEAD is now at 71d86ed... Preparing to create tag 3.0.0

['git', 'rev-parse', 'HEAD']
out: 71d86eda8adb50d8025f6648f5676c032931982d

wurf: CreateSymlinkResolver /home/tools/Documents/project/sw9-source/resolve_symlinks/meta -> /home/tools/Documents/project/sw9-source/resolved_dependencies/meta-808a5b/3.0.0-61fb34
resolve_symlinks/meta => /home/tools/Documents/project/sw9-source/resolved_dependencies/meta-808a5b/3.0.0-61fb34
----------------------------------------
Resolve "hex" (git semver)
Registered tags for hex:
['1.0.0', '2.0.0', '3.0.0', '4.0.0', '4.1.0', '4.1.1']
['git', 'clone', 'git@github.com:steinwurf/hex.git', 'master-4a4db2']
err: Cloning into 'master-4a4db2'...

['git', 'tag', '-l']
out: 1.0.0
2.0.0
3.0.0
4.0.0
4.1.0
4.1.1

wurf: GitSemverResolver name hex -> /home/tools/Documents/project/sw9-source/resolved_dependencies/hex-4a4db2/4.1.1-69890f
['git', 'checkout', '4.1.1']
err: Note: checking out '4.1.1'.

You are in 'detached HEAD' state. You can look around, make experimental
changes and commit them, and you can discard any commits you make in this
state without impacting any branches by performing another checkout.

If you want to create a new branch to retain commits you create, you may
do so (now or later) by using -b with the checkout command again. Example:

  git checkout -b <new-branch-name>

HEAD is now at e63a0d5... Preparing to create tag 4.1.1

['git', 'rev-parse', 'HEAD']
out: e63a0d58cc386ccd508a09bcc499a8ec6c78468e

wurf: CreateSymlinkResolver /home/tools/Documents/project/sw9-source/resolve_symlinks/hex -> /home/tools/Documents/project/sw9-source/resolved_dependencies/hex-4a4db2/4.1.1-69890f
resolve_symlinks/hex => /home/tools/Documents/project/sw9-source/resolved_dependencies/hex-4a4db2/4.1.1-69890f
----------------------------------------
Resolve "endian" (git semver)
Registered tags for endian:
['1.0.0', '2.0.0', '2.1.0', '3.0.0', '4.0.0', '4.1.0', '4.2.0', '5.0.0']
['git', 'clone', 'git@github.com:steinwurf/endian.git', 'master-10cf49']
err: Cloning into 'master-10cf49'...

['git', 'tag', '-l']
out: 1.0.0
2.0.0
2.1.0
3.0.0
4.0.0
4.1.0
4.2.0
5.0.0

wurf: GitSemverResolver name endian -> /home/tools/Documents/project/sw9-source/resolved_dependencies/endian-10cf49/4.2.0-4c18c1
['git', 'checkout', '4.2.0']
err: Note: checking out '4.2.0'.

You are in 'detached HEAD' state. You can look around, make experimental
changes and commit them, and you can discard any commits you make in this
state without impacting any branches by performing another checkout.

If you want to create a new branch to retain commits you create, you may
do so (now or later) by using -b with the checkout command again. Example:

  git checkout -b <new-branch-name>

HEAD is now at 44e002c... Preparing to create tag 4.2.0

['git', 'rev-parse', 'HEAD']
out: 44e002c10461815147e7db31bb99e3397106e66c

wurf: CreateSymlinkResolver /home/tools/Documents/project/sw9-source/resolve_symlinks/endian -> /home/tools/Documents/project/sw9-source/resolved_dependencies/endian-10cf49/4.2.0-4c18c1
resolve_symlinks/endian => /home/tools/Documents/project/sw9-source/resolved_dependencies/endian-10cf49/4.2.0-4c18c1
wurf: dependency_cache OrderedDict([('gauge', {'path': '/home/tools/Documents/project/sw9-source/resolve_symlinks/gauge', 'recurse': True}), ('waf-tools', {'path': '/home/tools/Documents/project/sw9-source/resolve_symlinks/waf-tools', 'recurse': True}), ('boost', {'path': '/home/tools/Documents/project/sw9-source/resolve_symlinks/boost', 'recurse': True}), ('tables', {'path': '/home/tools/Documents/project/sw9-source/resolve_symlinks/tables', 'recurse': True}), ('kodo-rlnc', {'path': '/home/tools/Documents/project/sw9-source/resolve_symlinks/kodo-rlnc', 'recurse': True}), ('kodo-core', {'path': '/home/tools/Documents/project/sw9-source/resolve_symlinks/kodo-core', 'recurse': True}), ('allocate', {'path': '/home/tools/Documents/project/sw9-source/resolve_symlinks/allocate', 'recurse': True}), ('fifi', {'path': '/home/tools/Documents/project/sw9-source/resolve_symlinks/fifi', 'recurse': True}), ('cpuid', {'path': '/home/tools/Documents/project/sw9-source/resolve_symlinks/cpuid', 'recurse': True}), ('platform', {'path': '/home/tools/Documents/project/sw9-source/resolve_symlinks/platform', 'recurse': True}), ('storage', {'path': '/home/tools/Documents/project/sw9-source/resolve_symlinks/storage', 'recurse': True}), ('recycle', {'path': '/home/tools/Documents/project/sw9-source/resolve_symlinks/recycle', 'recurse': True}), ('meta', {'path': '/home/tools/Documents/project/sw9-source/resolve_symlinks/meta', 'recurse': True}), ('hex', {'path': '/home/tools/Documents/project/sw9-source/resolve_symlinks/hex', 'recurse': True}), ('endian', {'path': '/home/tools/Documents/project/sw9-source/resolve_symlinks/endian', 'recurse': True})])
